SF:lib/core/failures/database_failures.dart
DA:6,11
DA:7,11
DA:11,1
DA:12,1
DA:16,0
DA:17,0
DA:21,1
DA:22,1
DA:26,0
DA:27,0
DA:31,0
DA:32,0
DA:36,0
DA:37,0
LF:14
LH:6
end_of_record
SF:lib/domain/entities/id.dart
DA:7,23
DA:9,0
DA:10,0
DA:13,23
DA:14,23
DA:17,13
DA:18,26
LF:7
LH:5
end_of_record
SF:lib/domain/entities/landing_page.dart
DA:17,5
DA:29,1
DA:40,1
DA:41,1
DA:42,0
DA:43,0
DA:44,1
DA:45,1
DA:46,0
DA:47,1
DA:48,1
DA:49,1
DA:50,1
DA:53,2
DA:55,16
LF:15
LH:12
end_of_record
SF:lib/domain/entities/user.dart
DA:29,11
DA:52,1
DA:74,1
DA:75,1
DA:76,1
DA:77,1
DA:78,1
DA:79,1
DA:80,1
DA:81,1
DA:82,1
DA:83,1
DA:84,1
DA:85,1
DA:86,1
DA:88,1
DA:89,1
DA:92,1
DA:94,1
DA:95,1
DA:96,1
DA:97,1
DA:98,1
DA:101,4
DA:102,4
DA:103,4
DA:104,4
DA:105,4
DA:106,4
DA:107,4
DA:108,4
DA:109,4
DA:110,4
DA:111,4
DA:112,4
DA:113,4
DA:114,4
DA:115,4
DA:116,4
DA:117,4
DA:118,4
LF:41
LH:41
end_of_record
SF:lib/core/failures/auth_failures.dart
DA:6,0
DA:7,0
DA:11,1
DA:12,1
DA:16,2
DA:17,2
DA:21,4
DA:22,4
DA:26,0
DA:27,0
DA:31,0
DA:32,0
DA:36,2
DA:37,2
DA:41,0
DA:42,0
DA:46,2
DA:47,2
DA:51,0
DA:52,0
DA:56,0
DA:57,0
DA:61,0
DA:62,0
DA:66,0
DA:67,0
DA:71,0
DA:72,0
LF:28
LH:10
end_of_record
SF:lib/domain/entities/company.dart
DA:20,5
DA:36,1
DA:51,1
DA:52,1
DA:53,0
DA:54,0
DA:55,1
DA:56,1
DA:57,1
DA:58,1
DA:59,1
DA:60,1
DA:61,1
DA:62,1
DA:63,1
DA:64,1
DA:68,2
DA:69,26
LF:18
LH:16
end_of_record
SF:lib/core/failures/storage_failures.dart
DA:6,0
DA:7,0
DA:11,1
DA:12,1
DA:16,0
DA:17,0
DA:21,0
DA:22,0
DA:26,0
DA:27,0
LF:10
LH:2
end_of_record
SF:lib/domain/entities/unregistered_promoter.dart
DA:18,4
DA:30,2
DA:31,4
DA:32,4
DA:33,6
DA:34,4
DA:35,4
DA:36,4
DA:38,2
DA:39,2
DA:40,2
DA:41,2
DA:42,2
DA:43,2
DA:44,2
DA:45,2
DA:46,2
DA:47,2
DA:48,2
DA:51,1
DA:62,1
DA:63,1
DA:64,1
DA:65,1
DA:66,1
DA:67,1
DA:68,0
DA:69,1
DA:70,1
DA:71,1
DA:72,1
LF:31
LH:30
end_of_record
SF:lib/infrastructure/models/landing_page_model.dart
DA:19,1
DA:31,1
DA:42,1
DA:43,1
DA:44,1
DA:45,1
DA:46,1
DA:47,1
DA:48,1
DA:49,1
DA:50,1
DA:51,1
DA:52,1
DA:55,1
DA:56,1
DA:57,1
DA:58,1
DA:59,1
DA:60,1
DA:61,1
DA:62,1
DA:63,1
DA:64,1
DA:65,1
DA:66,1
DA:70,1
DA:71,1
DA:73,2
DA:74,1
DA:75,1
DA:77,1
DA:78,1
DA:80,2
DA:81,2
DA:82,1
DA:83,2
DA:85,1
DA:86,2
DA:88,1
DA:89,2
DA:93,1
DA:94,2
DA:97,1
DA:98,1
DA:99,2
DA:100,1
DA:101,1
DA:102,1
DA:103,2
DA:104,1
DA:105,1
DA:106,1
DA:107,2
DA:108,1
DA:112,1
DA:113,1
DA:114,2
DA:115,1
DA:116,1
DA:117,1
DA:118,2
DA:119,1
DA:120,1
DA:121,1
DA:122,1
DA:123,1
DA:127,1
DA:129,8
LF:68
LH:68
end_of_record
SF:lib/infrastructure/models/user_model.dart
DA:31,2
DA:54,1
DA:55,1
DA:56,1
DA:57,1
DA:58,1
DA:59,1
DA:60,1
DA:61,1
DA:62,1
DA:63,1
DA:64,1
DA:65,1
DA:66,1
DA:67,1
DA:68,1
DA:69,1
DA:70,1
DA:71,1
DA:72,1
DA:73,1
DA:74,1
DA:75,1
DA:76,1
DA:80,1
DA:81,1
DA:83,2
DA:84,2
DA:85,2
DA:86,2
DA:87,1
DA:88,2
DA:89,2
DA:90,2
DA:92,1
DA:93,1
DA:94,2
DA:95,1
DA:96,1
DA:98,1
DA:99,1
DA:101,1
DA:102,0
DA:104,1
DA:105,2
DA:107,1
DA:108,2
DA:110,1
DA:111,2
DA:113,1
DA:114,0
DA:116,1
DA:117,0
DA:119,1
DA:123,1
DA:146,1
DA:147,1
DA:148,1
DA:149,1
DA:150,1
DA:151,1
DA:152,1
DA:153,1
DA:154,1
DA:155,1
DA:156,1
DA:157,1
DA:158,1
DA:160,1
DA:161,1
DA:162,1
DA:164,1
DA:166,1
DA:167,1
DA:168,1
DA:169,1
DA:170,1
DA:174,1
DA:175,2
DA:178,1
DA:179,1
DA:180,2
DA:181,1
DA:183,0
DA:184,1
DA:185,1
DA:186,1
DA:187,1
DA:188,1
DA:189,1
DA:190,1
DA:191,1
DA:192,1
DA:193,1
DA:195,0
DA:196,1
DA:197,1
DA:198,1
DA:199,1
DA:200,1
DA:201,1
DA:202,1
DA:203,1
DA:204,2
DA:207,1
DA:208,1
DA:209,2
DA:210,2
DA:211,1
DA:212,1
DA:213,1
DA:214,1
DA:215,1
DA:216,1
DA:217,1
DA:218,1
DA:219,1
DA:220,1
DA:221,1
DA:222,1
DA:223,1
DA:224,1
DA:225,1
DA:226,1
DA:227,1
DA:228,1
DA:229,1
DA:232,1
DA:233,1
DA:234,1
DA:235,1
DA:236,1
DA:237,1
DA:238,1
DA:239,1
DA:240,1
DA:241,1
DA:242,1
DA:243,1
DA:244,1
DA:245,1
DA:246,1
DA:247,1
DA:248,1
DA:249,1
DA:250,1
LF:146
LH:141
end_of_record
SF:lib/infrastructure/models/unregistered_promoter_model.dart
DA:21,1
DA:34,1
DA:35,1
DA:36,1
DA:37,1
DA:38,1
DA:39,1
DA:40,1
DA:41,1
DA:42,1
DA:43,1
DA:44,1
DA:45,1
DA:46,1
DA:50,1
DA:51,1
DA:53,1
DA:54,2
DA:55,2
DA:56,2
DA:57,2
DA:58,1
DA:59,0
DA:62,2
DA:63,2
DA:64,2
DA:65,1
DA:68,1
DA:81,1
DA:82,1
DA:83,1
DA:84,1
DA:85,1
DA:86,1
DA:87,1
DA:88,1
DA:89,1
DA:90,1
DA:91,1
DA:92,1
DA:96,1
DA:98,2
DA:101,1
DA:102,1
DA:103,2
DA:104,1
DA:106,5
DA:107,1
DA:108,1
DA:109,1
DA:110,1
DA:111,1
DA:112,2
DA:113,2
DA:114,1
DA:117,1
DA:118,1
DA:119,2
DA:120,2
DA:121,1
DA:122,1
DA:123,1
DA:124,1
DA:125,1
DA:126,2
DA:127,2
DA:128,1
DA:129,1
DA:132,1
DA:133,1
DA:134,1
DA:135,1
DA:136,1
DA:137,1
DA:138,1
DA:139,1
DA:140,1
DA:141,1
DA:142,1
LF:79
LH:78
end_of_record
SF:lib/infrastructure/models/company_model.dart
DA:22,2
DA:38,1
DA:39,1
DA:40,1
DA:41,1
DA:42,1
DA:43,1
DA:44,1
DA:45,1
DA:46,1
DA:47,1
DA:48,1
DA:49,1
DA:50,1
DA:51,1
DA:52,1
DA:56,1
DA:57,1
DA:59,2
DA:60,2
DA:61,2
DA:62,2
DA:63,2
DA:65,2
DA:67,2
DA:68,2
DA:69,2
DA:70,1
DA:71,1
DA:72,2
DA:74,1
DA:78,1
DA:93,1
DA:94,1
DA:95,1
DA:96,1
DA:97,1
DA:98,1
DA:99,1
DA:100,1
DA:101,1
DA:102,1
DA:103,1
DA:104,1
DA:105,1
DA:106,1
DA:110,1
DA:111,2
DA:114,1
DA:115,1
DA:116,2
DA:117,1
DA:118,1
DA:119,1
DA:120,1
DA:121,1
DA:122,1
DA:123,1
DA:124,1
DA:125,1
DA:126,1
DA:127,1
DA:128,2
DA:131,1
DA:132,1
DA:133,2
DA:134,1
DA:135,1
DA:136,1
DA:137,1
DA:138,1
DA:139,1
DA:140,1
DA:141,1
DA:142,1
DA:143,1
DA:144,1
DA:145,1
DA:148,1
DA:149,1
DA:150,1
DA:151,1
DA:152,1
DA:153,1
DA:154,1
DA:155,1
DA:156,1
DA:157,1
DA:158,1
DA:159,1
DA:160,1
DA:161,1
LF:92
LH:92
end_of_record
SF:lib/domain/entities/promoter.dart
DA:20,2
DA:33,1
DA:45,1
DA:46,1
DA:47,1
DA:48,0
DA:49,0
DA:50,1
DA:51,1
DA:52,1
DA:53,1
DA:54,1
DA:55,1
DA:59,1
DA:60,1
DA:61,1
DA:62,1
DA:63,1
DA:64,1
DA:65,1
DA:66,1
DA:67,1
DA:70,1
DA:73,1
DA:74,1
DA:75,1
DA:76,1
DA:77,1
DA:78,1
DA:79,1
DA:80,1
DA:83,1
DA:86,2
DA:87,2
DA:88,2
DA:89,2
DA:90,2
DA:91,2
DA:92,2
DA:93,2
DA:94,2
DA:95,2
LF:42
LH:40
end_of_record
SF:lib/domain/entities/recommendation.dart
DA:12,1
DA:20,1
DA:27,1
DA:28,1
DA:29,1
DA:30,1
DA:31,0
DA:32,1
DA:36,1
DA:37,6
LF:10
LH:9
end_of_record
SF:lib/application/landingpages/landingpage/landingpage_state.dart
DA:4,1
DA:6,1
DA:7,1
DA:19,1
DA:28,1
DA:37,1
DA:46,1
DA:57,1
DA:73,1
LF:9
LH:9
end_of_record
SF:lib/application/landingpages/landingpage/landingpage_cubit.dart
DA:19,1
DA:22,2
DA:24,1
DA:27,0
DA:28,2
DA:29,0
DA:30,3
DA:31,0
DA:33,2
DA:34,2
DA:36,1
DA:37,3
DA:38,3
DA:42,1
DA:45,0
DA:46,3
DA:47,0
DA:49,2
DA:50,2
DA:52,1
DA:53,3
DA:54,3
DA:58,1
DA:59,2
DA:61,2
DA:62,1
DA:63,3
DA:64,3
DA:67,1
DA:68,2
DA:69,2
DA:70,1
DA:71,3
DA:72,3
DA:75,1
DA:76,2
DA:77,2
DA:78,1
DA:79,3
DA:80,3
LF:40
LH:35
end_of_record
SF:lib/application/recommendations/recommendations_state.dart
DA:4,2
DA:9,1
DA:10,1
DA:15,1
DA:16,1
DA:23,1
DA:27,1
DA:28,2
DA:35,1
DA:39,1
DA:40,2
DA:47,1
DA:51,1
DA:52,2
DA:59,1
DA:63,1
DA:64,2
DA:71,2
DA:73,1
DA:74,2
DA:79,0
DA:80,0
LF:22
LH:20
end_of_record
SF:lib/application/recommendations/recommendations_cubit.dart
DA:13,1
DA:14,2
DA:16,1
DA:17,2
DA:18,2
DA:19,2
DA:20,1
DA:21,2
DA:23,1
DA:24,1
DA:25,2
DA:30,1
DA:31,2
DA:32,2
DA:33,2
DA:34,1
DA:35,2
DA:37,1
DA:38,1
DA:39,2
DA:44,1
DA:45,2
DA:46,1
DA:47,0
DA:50,2
DA:51,1
DA:52,1
DA:53,2
DA:54,1
DA:55,4
DA:56,2
DA:57,2
LF:32
LH:31
end_of_record
SF:lib/application/profile/company_observer/company_observer_state.dart
DA:4,1
DA:6,1
DA:7,1
DA:17,1
DA:23,1
LF:5
LH:5
end_of_record
SF:lib/application/profile/company_observer/company_observer_cubit.dart
DA:18,1
DA:20,2
DA:22,1
DA:23,2
DA:24,1
DA:25,2
DA:26,1
DA:27,3
DA:30,1
DA:32,2
DA:33,1
DA:34,3
DA:35,3
DA:38,0
DA:40,0
DA:41,0
LF:16
LH:13
end_of_record
SF:lib/application/profile/company/company_state.dart
DA:7,1
DA:8,1
DA:12,0
DA:13,0
DA:18,1
DA:19,1
DA:26,1
DA:30,1
DA:31,2
DA:36,1
DA:37,1
DA:41,0
DA:42,0
DA:48,0
DA:52,0
DA:53,0
DA:59,0
DA:63,0
DA:64,0
DA:68,0
DA:69,0
DA:75,0
DA:79,0
DA:80,0
DA:84,0
DA:85,0
DA:92,0
DA:96,0
DA:97,0
LF:29
LH:9
end_of_record
SF:lib/application/profile/company/company_cubit.dart
DA:16,1
DA:19,2
DA:21,1
DA:23,0
DA:25,2
DA:26,2
DA:27,1
DA:28,2
DA:29,1
DA:30,3
DA:34,0
DA:35,0
DA:36,0
DA:37,0
DA:38,0
DA:39,0
DA:42,0
DA:44,0
DA:46,0
DA:47,0
DA:48,0
DA:49,0
DA:50,0
DA:54,0
DA:56,0
DA:57,0
LF:26
LH:9
end_of_record
SF:lib/application/profile/profile/profile_state.dart
DA:8,1
DA:9,1
DA:19,1
DA:21,1
DA:22,2
DA:27,1
DA:28,1
DA:33,1
DA:34,1
DA:40,1
DA:41,1
DA:46,1
DA:47,1
DA:52,1
DA:53,1
DA:57,1
DA:58,1
DA:64,1
DA:68,1
DA:69,2
DA:76,1
DA:80,1
DA:81,2
DA:86,1
DA:87,1
DA:92,1
DA:93,1
DA:99,1
DA:100,1
DA:105,1
DA:106,1
DA:113,1
DA:117,1
DA:118,2
DA:125,1
DA:129,1
DA:130,2
DA:135,1
DA:136,1
DA:143,1
DA:147,1
DA:148,2
DA:153,0
DA:154,0
DA:159,1
DA:160,1
LF:46
LH:44
end_of_record
SF:lib/application/profile/profile/profile_cubit.dart
DA:17,1
DA:18,2
DA:20,1
DA:22,0
DA:24,2
DA:25,2
DA:26,1
DA:27,2
DA:28,1
DA:29,3
DA:33,1
DA:35,0
DA:37,2
DA:39,2
DA:40,1
DA:41,3
DA:42,3
DA:46,1
DA:48,0
DA:50,2
DA:52,2
DA:53,1
DA:54,1
DA:55,2
DA:56,3
DA:60,0
DA:62,0
DA:64,0
DA:66,0
DA:67,0
DA:68,0
DA:69,0
DA:70,0
DA:74,1
DA:76,0
DA:78,2
DA:79,2
DA:80,1
DA:81,3
DA:82,3
DA:86,1
DA:87,2
DA:88,2
DA:91,1
DA:93,0
DA:95,2
DA:97,2
DA:98,1
DA:99,1
DA:100,2
DA:101,3
DA:105,1
DA:106,2
DA:107,2
DA:108,2
DA:111,1
DA:113,2
DA:114,2
DA:117,1
DA:118,2
DA:119,2
DA:120,1
DA:121,3
DA:122,3
LF:64
LH:51
end_of_record
SF:lib/application/profile/profile_observer/profile_observer_state.dart
DA:7,1
DA:8,1
DA:13,1
DA:14,1
DA:21,1
DA:23,1
DA:24,2
DA:31,1
DA:33,1
DA:34,2
LF:10
LH:10
end_of_record
SF:lib/application/profile/profile_observer/profile_observer_event.dart
DA:9,1
LF:1
LH:1
end_of_record
SF:lib/application/profile/profile_observer/profile_observer_bloc.dart
DA:18,1
DA:19,2
DA:20,2
DA:21,2
DA:22,1
DA:23,5
DA:24,2
DA:27,2
DA:28,2
DA:29,3
DA:30,3
DA:33,0
DA:36,0
DA:37,0
LF:14
LH:11
end_of_record
SF:lib/application/authentication/signIn/sign_in_cubit.dart
DA:12,1
DA:14,2
DA:16,1
DA:18,0
DA:20,2
DA:22,2
DA:23,1
DA:24,3
DA:25,1
DA:27,2
DA:29,2
DA:35,1
DA:37,0
DA:39,2
DA:40,2
DA:42,1
DA:43,3
DA:44,3
DA:48,1
DA:50,0
DA:52,2
DA:53,2
DA:55,1
DA:56,0
DA:57,3
LF:25
LH:21
end_of_record
SF:lib/application/authentication/signIn/sign_in_state.dart
DA:7,1
DA:8,1
DA:12,0
DA:13,0
DA:17,1
DA:18,1
DA:24,1
DA:28,1
DA:29,2
DA:35,1
DA:39,1
DA:40,2
DA:46,1
DA:50,1
DA:51,2
DA:56,1
DA:57,1
DA:61,1
DA:62,1
LF:19
LH:17
end_of_record
SF:lib/application/authentication/auth/auth_state.dart
DA:7,1
DA:8,1
DA:12,1
DA:13,1
DA:17,0
DA:18,0
DA:22,0
DA:23,0
DA:27,1
DA:28,1
DA:32,1
DA:33,1
DA:39,1
DA:43,1
DA:44,2
LF:15
LH:11
end_of_record
SF:lib/application/authentication/auth/auth_cubit.dart
DA:12,1
DA:14,2
DA:16,0
DA:17,0
DA:18,0
DA:19,0
DA:22,1
DA:23,2
DA:24,5
DA:25,2
DA:29,1
DA:31,0
DA:33,2
DA:34,2
DA:35,1
DA:36,3
DA:37,3
LF:17
LH:12
end_of_record
SF:lib/application/authentication/auth_observer/auth_observer_event.dart
DA:10,1
LF:1
LH:1
end_of_record
SF:lib/application/authentication/auth_observer/auth_observer_state.dart
DA:7,0
DA:8,0
DA:13,1
DA:14,1
LF:4
LH:2
end_of_record
SF:lib/application/authentication/auth_observer/auth_observer_bloc.dart
DA:15,1
DA:17,2
DA:18,2
DA:19,1
DA:20,2
DA:21,1
DA:22,4
DA:25,2
DA:26,1
DA:27,2
DA:28,1
DA:29,2
DA:30,2
DA:35,0
DA:37,0
DA:38,0
LF:16
LH:13
end_of_record
SF:lib/application/authentication/user/user_cubit.dart
DA:12,1
DA:14,2
DA:16,1
DA:17,2
DA:18,2
DA:19,4
DA:20,3
LF:7
LH:7
end_of_record
SF:lib/application/authentication/user/user_state.dart
DA:6,1
DA:7,1
DA:11,1
DA:12,1
DA:16,1
DA:17,1
DA:23,1
DA:25,1
DA:26,2
LF:9
LH:9
end_of_record
SF:lib/core/helpers/auth_validator.dart
DA:9,1
DA:11,1
DA:15,1
DA:16,2
DA:17,3
DA:20,2
DA:24,1
DA:25,1
DA:26,2
DA:32,1
DA:33,1
DA:34,2
DA:35,1
DA:36,2
DA:42,1
DA:43,1
DA:44,2
DA:45,2
DA:46,2
DA:52,1
DA:53,1
DA:54,2
DA:55,2
DA:56,2
DA:62,1
DA:63,1
DA:64,2
DA:65,2
DA:66,2
DA:67,2
DA:68,2
DA:69,2
DA:70,2
DA:76,1
DA:77,1
DA:79,1
DA:82,2
DA:86,1
DA:87,1
DA:88,2
DA:94,1
DA:95,1
DA:96,2
DA:102,1
DA:103,1
DA:104,1
DA:105,2
DA:106,1
DA:107,1
DA:109,1
DA:112,1
DA:113,1
LF:52
LH:52
end_of_record
SF:lib/l10n/generated/app_localizations.dart
DA:63,0
DA:67,0
DA:68,0
DA:1304,2
DA:1306,0
DA:1308,0
DA:1311,0
DA:1312,0
DA:1314,0
DA:1318,0
DA:1322,0
DA:1323,0
DA:1324,0
DA:1327,0
LF:14
LH:1
end_of_record
SF:lib/l10n/generated/app_localizations_de.dart
DA:5,0
DA:7,0
DA:10,0
DA:13,0
DA:16,0
DA:19,0
DA:22,0
DA:25,0
DA:28,0
DA:31,0
DA:34,0
DA:37,0
DA:40,0
DA:43,0
DA:46,0
DA:49,0
DA:52,0
DA:55,0
DA:58,0
DA:61,0
DA:64,0
DA:67,0
DA:70,0
DA:73,0
DA:76,0
DA:79,0
DA:82,0
DA:85,0
DA:88,0
DA:91,0
DA:94,0
DA:97,0
DA:100,0
DA:103,0
DA:106,0
DA:109,0
DA:112,0
DA:115,0
DA:118,0
DA:121,0
DA:124,0
DA:127,0
DA:130,0
DA:133,0
DA:136,0
DA:139,0
DA:142,0
DA:145,0
DA:148,0
DA:151,0
DA:154,0
DA:157,0
DA:160,0
DA:163,0
DA:166,0
DA:169,0
DA:172,0
DA:175,0
DA:178,0
DA:181,0
DA:184,0
DA:187,0
DA:190,0
DA:193,0
DA:196,0
DA:199,0
DA:202,0
DA:205,0
DA:208,0
DA:211,0
DA:214,0
DA:217,0
DA:220,0
DA:223,0
DA:226,0
DA:229,0
DA:232,0
DA:235,0
DA:238,0
DA:241,0
DA:244,0
DA:247,0
DA:250,0
DA:253,0
DA:256,0
DA:259,0
DA:262,0
DA:265,0
DA:268,0
DA:271,0
DA:274,0
DA:277,0
DA:280,0
DA:283,0
DA:286,0
DA:289,0
DA:292,0
DA:295,0
DA:298,0
DA:301,0
DA:304,0
DA:307,0
DA:310,0
DA:313,0
DA:316,0
DA:319,0
DA:322,0
DA:325,0
DA:328,0
DA:331,0
DA:334,0
DA:337,0
DA:340,0
DA:343,0
DA:346,0
DA:349,0
DA:352,0
DA:355,0
DA:358,0
DA:361,0
DA:364,0
DA:367,0
DA:370,0
DA:373,0
DA:376,0
DA:379,0
DA:382,0
DA:385,0
DA:388,0
DA:391,0
DA:394,0
DA:397,0
DA:400,0
DA:403,0
DA:406,0
DA:409,0
DA:412,0
DA:415,0
DA:418,0
DA:421,0
DA:424,0
DA:427,0
DA:430,0
DA:433,0
DA:436,0
DA:439,0
DA:442,0
DA:445,0
DA:448,0
DA:451,0
DA:454,0
DA:457,0
DA:460,0
DA:463,0
DA:466,0
DA:469,0
DA:472,0
DA:475,0
DA:478,0
DA:481,0
DA:484,0
DA:487,0
DA:490,0
DA:493,0
DA:496,0
DA:499,0
DA:502,0
DA:505,0
DA:508,0
DA:511,0
DA:513,0
DA:516,0
DA:518,0
DA:521,0
DA:524,0
DA:527,0
DA:530,0
DA:533,0
DA:536,0
DA:539,0
DA:542,0
DA:545,0
DA:548,0
DA:551,0
DA:554,0
DA:557,0
DA:560,0
DA:563,0
DA:566,0
DA:569,0
DA:572,0
DA:575,0
DA:578,0
DA:581,0
DA:584,0
DA:587,0
DA:590,0
DA:593,0
DA:596,0
DA:599,0
DA:602,0
DA:605,0
DA:608,0
DA:611,0
LF:204
LH:0
end_of_record
SF:lib/l10n/generated/app_localizations_en.dart
DA:5,0
DA:7,0
DA:10,0
DA:13,0
DA:16,0
DA:19,0
DA:22,0
DA:25,0
DA:28,0
DA:31,0
DA:34,0
DA:37,0
DA:40,0
DA:43,0
DA:46,0
DA:49,0
DA:52,0
DA:55,0
DA:58,0
DA:61,0
DA:64,0
DA:67,0
DA:70,0
DA:73,0
DA:76,0
DA:79,0
DA:82,0
DA:85,0
DA:88,0
DA:91,0
DA:94,0
DA:97,0
DA:100,0
DA:103,0
DA:106,0
DA:109,0
DA:112,0
DA:115,0
DA:118,0
DA:121,0
DA:124,0
DA:127,0
DA:130,0
DA:133,0
DA:136,0
DA:139,0
DA:142,0
DA:145,0
DA:148,0
DA:151,0
DA:154,0
DA:157,0
DA:160,0
DA:163,0
DA:166,0
DA:169,0
DA:172,0
DA:175,0
DA:178,0
DA:181,0
DA:184,0
DA:187,0
DA:190,0
DA:193,0
DA:196,0
DA:199,0
DA:202,0
DA:205,0
DA:208,0
DA:211,0
DA:214,0
DA:217,0
DA:220,0
DA:223,0
DA:226,0
DA:229,0
DA:232,0
DA:235,0
DA:238,0
DA:241,0
DA:244,0
DA:247,0
DA:250,0
DA:253,0
DA:256,0
DA:259,0
DA:262,0
DA:265,0
DA:268,0
DA:271,0
DA:274,0
DA:277,0
DA:280,0
DA:283,0
DA:286,0
DA:289,0
DA:292,0
DA:295,0
DA:298,0
DA:301,0
DA:304,0
DA:307,0
DA:310,0
DA:313,0
DA:316,0
DA:319,0
DA:322,0
DA:325,0
DA:328,0
DA:331,0
DA:334,0
DA:337,0
DA:340,0
DA:343,0
DA:346,0
DA:349,0
DA:352,0
DA:355,0
DA:358,0
DA:361,0
DA:364,0
DA:367,0
DA:370,0
DA:373,0
DA:376,0
DA:379,0
DA:382,0
DA:385,0
DA:388,0
DA:391,0
DA:394,0
DA:397,0
DA:400,0
DA:403,0
DA:406,0
DA:409,0
DA:412,0
DA:415,0
DA:418,0
DA:421,0
DA:424,0
DA:427,0
DA:430,0
DA:433,0
DA:436,0
DA:439,0
DA:442,0
DA:445,0
DA:448,0
DA:451,0
DA:454,0
DA:457,0
DA:460,0
DA:463,0
DA:466,0
DA:469,0
DA:472,0
DA:475,0
DA:478,0
DA:481,0
DA:484,0
DA:487,0
DA:490,0
DA:493,0
DA:496,0
DA:499,0
DA:502,0
DA:505,0
DA:508,0
DA:511,0
DA:513,0
DA:516,0
DA:518,0
DA:521,0
DA:524,0
DA:527,0
DA:530,0
DA:533,0
DA:536,0
DA:539,0
DA:542,0
DA:545,0
DA:548,0
DA:551,0
DA:554,0
DA:557,0
DA:560,0
DA:563,0
DA:566,0
DA:569,0
DA:572,0
DA:575,0
DA:578,0
DA:581,0
DA:584,0
DA:587,0
DA:590,0
DA:593,0
DA:596,0
DA:599,0
DA:602,0
DA:605,0
DA:608,0
DA:611,0
LF:204
LH:0
end_of_record
SF:lib/presentation/promoters_page/promoter_overview_filter.dart
DA:5,1
DA:8,1
DA:9,1
DA:11,1
DA:13,4
DA:14,1
DA:15,1
DA:17,4
DA:18,1
DA:20,1
DA:21,1
DA:22,2
DA:24,0
DA:25,0
DA:26,0
DA:32,2
DA:33,2
DA:34,3
DA:40,1
DA:41,2
DA:43,2
DA:44,2
DA:45,3
DA:51,2
DA:52,2
DA:53,3
DA:59,1
DA:60,2
DA:62,1
DA:63,0
DA:64,0
DA:70,2
DA:71,2
DA:72,3
DA:78,0
DA:79,0
DA:81,0
DA:82,0
DA:83,0
DA:89,0
DA:90,0
DA:91,0
DA:101,1
DA:103,2
DA:104,1
DA:105,1
DA:106,1
DA:107,3
DA:108,3
DA:109,3
DA:110,3
DA:111,4
DA:115,1
LF:53
LH:40
end_of_record
SF:lib/presentation/promoters_page/widgets/promoter_overview/promoter_overview_header_expandable_filter.dart
DA:24,0
DA:29,0
DA:31,0
DA:38,0
DA:40,0
DA:41,0
DA:42,0
DA:44,0
DA:45,0
DA:46,0
DA:50,0
DA:51,0
DA:52,0
DA:53,0
DA:55,0
DA:56,0
DA:57,0
DA:58,0
DA:60,0
DA:64,0
DA:65,0
DA:66,0
DA:67,0
DA:69,0
DA:70,0
DA:71,0
DA:72,0
DA:74,0
DA:78,0
DA:79,0
DA:80,0
DA:81,0
DA:83,0
DA:84,0
DA:85,0
DA:86,0
DA:88,0
DA:93,0
DA:94,0
DA:98,0
DA:99,0
DA:100,0
DA:101,0
DA:102,0
DA:103,0
DA:104,0
DA:105,0
DA:109,0
DA:110,0
DA:113,0
DA:114,0
DA:117,0
DA:118,0
DA:121,0
DA:122,0
DA:125,0
DA:127,0
DA:128,0
DA:130,0
DA:132,0
DA:133,0
DA:134,0
DA:135,0
DA:137,0
DA:138,0
DA:139,0
DA:140,0
DA:142,0
DA:145,0
DA:146,0
DA:147,0
DA:148,0
DA:150,0
DA:151,0
DA:152,0
DA:153,0
DA:155,0
LF:77
LH:0
end_of_record
SF:lib/core/helpers/date_time_formatter.dart
DA:5,3
DA:9,1
DA:10,1
DA:13,1
DA:15,0
DA:16,0
DA:17,0
DA:20,1
DA:21,2
DA:23,1
DA:30,1
DA:32,2
DA:39,1
DA:40,2
DA:41,1
LF:15
LH:12
end_of_record
